{
  "stats": {
    "suites": 1,
    "tests": 1,
    "passes": 1,
    "pending": 0,
    "failures": 0,
    "start": "2023-12-13T05:47:25.362Z",
    "end": "2023-12-13T05:47:25.833Z",
    "duration": 471,
    "testsRegistered": 1,
    "passPercent": 100,
    "pendingPercent": 0,
    "other": 0,
    "hasOther": false,
    "skipped": 0,
    "hasSkipped": false
  },
  "results": [
    {
      "uuid": "83263c47-1740-461b-9615-42c615101e2a",
      "title": "",
      "fullFile": "cypress\\e2e\\tests\\reqresApiTests\\postRegisterUnsuccessful.cy.js",
      "file": "cypress\\e2e\\tests\\reqresApiTests\\postRegisterUnsuccessful.cy.js",
      "beforeHooks": [],
      "afterHooks": [],
      "tests": [],
      "suites": [
        {
          "uuid": "11740c16-d8db-4e4e-afc0-ee705c62e1fe",
          "title": "ReqRes Api tests",
          "fullFile": "",
          "file": "",
          "beforeHooks": [],
          "afterHooks": [],
          "tests": [
            {
              "title": "POST and Register unsuccessfully",
              "fullTitle": "ReqRes Api tests POST and Register unsuccessfully",
              "timedOut": null,
              "duration": 438,
              "state": "passed",
              "speed": "fast",
              "pass": true,
              "fail": false,
              "pending": false,
              "context": null,
              "code": "cy.request({\n  method: \"POST\",\n  url: \"https://reqres.in/api/register\",\n  failOnStatusCode: false,\n  body: {\n    email: \"sydney@fife\"\n  }\n}).then(response => {\n  cy.log(JSON.stringify(response.body));\n  const data = response.body;\n  expect(data.error).to.eq(\"Missing password\");\n  expect(response.status).to.eq(400);\n});",
              "err": {},
              "uuid": "c6420106-eb29-4421-88a4-c705bfd73fca",
              "parentUUID": "11740c16-d8db-4e4e-afc0-ee705c62e1fe",
              "isHook": false,
              "skipped": false
            }
          ],
          "suites": [],
          "passes": [
            "c6420106-eb29-4421-88a4-c705bfd73fca"
          ],
          "failures": [],
          "pending": [],
          "skipped": [],
          "duration": 438,
          "root": false,
          "rootEmpty": false,
          "_timeout": 2000
        }
      ],
      "passes": [],
      "failures": [],
      "pending": [],
      "skipped": [],
      "duration": 0,
      "root": true,
      "rootEmpty": true,
      "_timeout": 2000
    }
  ],
  "meta": {
    "mocha": {
      "version": "7.0.1"
    },
    "mochawesome": {
      "options": {
        "quiet": false,
        "reportFilename": "mochawesome",
        "saveHtml": false,
        "saveJson": true,
        "consoleReporter": "spec",
        "useInlineDiffs": false,
        "code": true
      },
      "version": "7.1.3"
    },
    "marge": {
      "options": {
        "id": "default",
        "reportDir": "cypress/reports/mocha",
        "quite": true,
        "overwrite": false,
        "html": false,
        "json": true
      },
      "version": "6.2.0"
    }
  }
}