{
  "stats": {
    "suites": 1,
    "tests": 1,
    "passes": 1,
    "pending": 0,
    "failures": 0,
    "start": "2023-12-13T05:46:49.561Z",
    "end": "2023-12-13T05:46:50.065Z",
    "duration": 504,
    "testsRegistered": 1,
    "passPercent": 100,
    "pendingPercent": 0,
    "other": 0,
    "hasOther": false,
    "skipped": 0,
    "hasSkipped": false
  },
  "results": [
    {
      "uuid": "58c9762d-a915-4a38-8363-0621e82aaff7",
      "title": "",
      "fullFile": "cypress\\e2e\\tests\\reqresApiTests\\getListOfUsers.cy.js",
      "file": "cypress\\e2e\\tests\\reqresApiTests\\getListOfUsers.cy.js",
      "beforeHooks": [],
      "afterHooks": [],
      "tests": [],
      "suites": [
        {
          "uuid": "8c2e6575-5106-46ea-97c5-0c4a3a9bcc4a",
          "title": "ReqRes Api tests",
          "fullFile": "",
          "file": "",
          "beforeHooks": [],
          "afterHooks": [],
          "tests": [
            {
              "title": "Get all users",
              "fullTitle": "ReqRes Api tests Get all users",
              "timedOut": null,
              "duration": 474,
              "state": "passed",
              "speed": "fast",
              "pass": true,
              "fail": false,
              "pending": false,
              "context": null,
              "code": "cy.request({\n  method: \"GET\",\n  url: \"https://reqres.in/api/users?page=2\",\n  failOnStatusCode: false\n}).then(response => {\n  cy.log(JSON.stringify(response.body));\n  const data = response.body;\n  expect(data.data[0].id).to.eq(7);\n  expect(data.data[0].email).to.eq(\"michael.lawson@reqres.in\");\n  expect(data.data[0].first_name).to.eq(\"Michael\");\n  expect(data.data[0].last_name).to.eq(\"Lawson\");\n  expect(data.data[0].avatar).to.eq(\"https://reqres.in/img/faces/7-image.jpg\");\n});",
              "err": {},
              "uuid": "6ce83207-b723-48bf-9438-3d14835780fb",
              "parentUUID": "8c2e6575-5106-46ea-97c5-0c4a3a9bcc4a",
              "isHook": false,
              "skipped": false
            }
          ],
          "suites": [],
          "passes": [
            "6ce83207-b723-48bf-9438-3d14835780fb"
          ],
          "failures": [],
          "pending": [],
          "skipped": [],
          "duration": 474,
          "root": false,
          "rootEmpty": false,
          "_timeout": 2000
        }
      ],
      "passes": [],
      "failures": [],
      "pending": [],
      "skipped": [],
      "duration": 0,
      "root": true,
      "rootEmpty": true,
      "_timeout": 2000
    }
  ],
  "meta": {
    "mocha": {
      "version": "7.0.1"
    },
    "mochawesome": {
      "options": {
        "quiet": false,
        "reportFilename": "mochawesome",
        "saveHtml": false,
        "saveJson": true,
        "consoleReporter": "spec",
        "useInlineDiffs": false,
        "code": true
      },
      "version": "7.1.3"
    },
    "marge": {
      "options": {
        "id": "default",
        "reportDir": "cypress/reports/mocha",
        "quite": true,
        "overwrite": false,
        "html": false,
        "json": true
      },
      "version": "6.2.0"
    }
  }
}