{
  "stats": {
    "suites": 1,
    "tests": 1,
    "passes": 1,
    "pending": 0,
    "failures": 0,
    "start": "2023-12-13T05:47:18.866Z",
    "end": "2023-12-13T05:47:19.331Z",
    "duration": 465,
    "testsRegistered": 1,
    "passPercent": 100,
    "pendingPercent": 0,
    "other": 0,
    "hasOther": false,
    "skipped": 0,
    "hasSkipped": false
  },
  "results": [
    {
      "uuid": "c596fb58-2f21-4ae1-87fa-14a0ea5102ff",
      "title": "",
      "fullFile": "cypress\\e2e\\tests\\reqresApiTests\\postLogInUnsuccessfull.cy.js",
      "file": "cypress\\e2e\\tests\\reqresApiTests\\postLogInUnsuccessfull.cy.js",
      "beforeHooks": [],
      "afterHooks": [],
      "tests": [],
      "suites": [
        {
          "uuid": "389880cf-54ac-4669-8abf-ab70870c7a1a",
          "title": "ReqRes Api tests",
          "fullFile": "",
          "file": "",
          "beforeHooks": [],
          "afterHooks": [],
          "tests": [
            {
              "title": "POST and Login Unsuccessfully",
              "fullTitle": "ReqRes Api tests POST and Login Unsuccessfully",
              "timedOut": null,
              "duration": 437,
              "state": "passed",
              "speed": "fast",
              "pass": true,
              "fail": false,
              "pending": false,
              "context": null,
              "code": "cy.request({\n  method: \"POST\",\n  url: \"https://reqres.in/api/login\",\n  failOnStatusCode: false,\n  body: {\n    email: \"peter@klaven\"\n  }\n}).then(response => {\n  cy.log(JSON.stringify(response.body));\n  const data = response.body;\n  expect(data.error).to.eq(\"Missing password\");\n  expect(response.status).to.eq(400);\n});",
              "err": {},
              "uuid": "d358dacd-a1cf-4fc8-95e2-db7ec86437c2",
              "parentUUID": "389880cf-54ac-4669-8abf-ab70870c7a1a",
              "isHook": false,
              "skipped": false
            }
          ],
          "suites": [],
          "passes": [
            "d358dacd-a1cf-4fc8-95e2-db7ec86437c2"
          ],
          "failures": [],
          "pending": [],
          "skipped": [],
          "duration": 437,
          "root": false,
          "rootEmpty": false,
          "_timeout": 2000
        }
      ],
      "passes": [],
      "failures": [],
      "pending": [],
      "skipped": [],
      "duration": 0,
      "root": true,
      "rootEmpty": true,
      "_timeout": 2000
    }
  ],
  "meta": {
    "mocha": {
      "version": "7.0.1"
    },
    "mochawesome": {
      "options": {
        "quiet": false,
        "reportFilename": "mochawesome",
        "saveHtml": false,
        "saveJson": true,
        "consoleReporter": "spec",
        "useInlineDiffs": false,
        "code": true
      },
      "version": "7.1.3"
    },
    "marge": {
      "options": {
        "id": "default",
        "reportDir": "cypress/reports/mocha",
        "quite": true,
        "overwrite": false,
        "html": false,
        "json": true
      },
      "version": "6.2.0"
    }
  }
}