{
  "stats": {
    "suites": 1,
    "tests": 1,
    "passes": 1,
    "pending": 0,
    "failures": 0,
    "start": "2023-12-13T05:46:36.288Z",
    "end": "2023-12-13T05:46:37.272Z",
    "duration": 984,
    "testsRegistered": 1,
    "passPercent": 100,
    "pendingPercent": 0,
    "other": 0,
    "hasOther": false,
    "skipped": 0,
    "hasSkipped": false
  },
  "results": [
    {
      "uuid": "add26c39-de2d-402e-8ae0-4de38b71448f",
      "title": "",
      "fullFile": "cypress\\e2e\\tests\\dummyRestAPI\\putToEmployeeRecord.cy.js",
      "file": "cypress\\e2e\\tests\\dummyRestAPI\\putToEmployeeRecord.cy.js",
      "beforeHooks": [],
      "afterHooks": [],
      "tests": [],
      "suites": [
        {
          "uuid": "3392836d-d444-49e9-966e-5ddc00dd0662",
          "title": "Dummy examples put to DB",
          "fullFile": "",
          "file": "",
          "beforeHooks": [],
          "afterHooks": [],
          "tests": [
            {
              "title": "Put to Db update an employee record",
              "fullTitle": "Dummy examples put to DB Put to Db update an employee record",
              "timedOut": null,
              "duration": 960,
              "state": "passed",
              "speed": "fast",
              "pass": true,
              "fail": false,
              "pending": false,
              "context": null,
              "code": "cy.request({\n  method: \"PUT\",\n  url: \"https://dummy.restapiexample.com/api/v1/update/21\",\n  failOnStatusCode: false,\n  body: {\n    name: \"Dalibor\",\n    salary: \"24000\",\n    age: \"39\"\n  }\n}).then(response => {\n  cy.log(JSON.stringify(response.body));\n  const data = response.body;\n  expect(data.data.name).to.eq(\"Dalibor\");\n  expect(data.data.salary).to.eq(\"24000\");\n  expect(data.data.age).to.eq(\"39\");\n});",
              "err": {},
              "uuid": "04880307-aa5e-4c2c-8afd-b8da29f9aa7c",
              "parentUUID": "3392836d-d444-49e9-966e-5ddc00dd0662",
              "isHook": false,
              "skipped": false
            }
          ],
          "suites": [],
          "passes": [
            "04880307-aa5e-4c2c-8afd-b8da29f9aa7c"
          ],
          "failures": [],
          "pending": [],
          "skipped": [],
          "duration": 960,
          "root": false,
          "rootEmpty": false,
          "_timeout": 2000
        }
      ],
      "passes": [],
      "failures": [],
      "pending": [],
      "skipped": [],
      "duration": 0,
      "root": true,
      "rootEmpty": true,
      "_timeout": 2000
    }
  ],
  "meta": {
    "mocha": {
      "version": "7.0.1"
    },
    "mochawesome": {
      "options": {
        "quiet": false,
        "reportFilename": "mochawesome",
        "saveHtml": false,
        "saveJson": true,
        "consoleReporter": "spec",
        "useInlineDiffs": false,
        "code": true
      },
      "version": "7.1.3"
    },
    "marge": {
      "options": {
        "id": "default",
        "reportDir": "cypress/reports/mocha",
        "quite": true,
        "overwrite": false,
        "html": false,
        "json": true
      },
      "version": "6.2.0"
    }
  }
}