{
  "stats": {
    "suites": 1,
    "tests": 1,
    "passes": 1,
    "pending": 0,
    "failures": 0,
    "start": "2023-12-13T05:38:01.001Z",
    "end": "2023-12-13T05:38:03.558Z",
    "duration": 2557,
    "testsRegistered": 1,
    "passPercent": 100,
    "pendingPercent": 0,
    "other": 0,
    "hasOther": false,
    "skipped": 0,
    "hasSkipped": false
  },
  "results": [
    {
      "uuid": "4c36c828-2bff-4acb-bf85-0b42b107735b",
      "title": "",
      "fullFile": "cypress\\e2e\\tests\\dummyRestAPI\\deleteAnEmployee.cy.js",
      "file": "cypress\\e2e\\tests\\dummyRestAPI\\deleteAnEmployee.cy.js",
      "beforeHooks": [],
      "afterHooks": [],
      "tests": [],
      "suites": [
        {
          "uuid": "261c777b-6d10-4638-8b4d-14463214f857",
          "title": "Dummy examples delete from DB",
          "fullFile": "",
          "file": "",
          "beforeHooks": [],
          "afterHooks": [],
          "tests": [
            {
              "title": "Delete an employee record",
              "fullTitle": "Dummy examples delete from DB Delete an employee record",
              "timedOut": null,
              "duration": 2514,
              "state": "passed",
              "speed": "fast",
              "pass": true,
              "fail": false,
              "pending": false,
              "context": null,
              "code": "cy.request({\n  method: \"DELETE\",\n  url: \"https://dummy.restapiexample.com/api/v1/delete/2\",\n  failOnStatusCode: false\n}).then(response => {\n  cy.log(JSON.stringify(response.body));\n  const data = response.body;\n  expect(data.message).to.eq(\"Successfully! Record has been deleted\");\n  expect(data.status).to.eq(\"success\");\n});",
              "err": {},
              "uuid": "9fdd2d40-f4ca-45f5-8f88-1c0dd17a0a60",
              "parentUUID": "261c777b-6d10-4638-8b4d-14463214f857",
              "isHook": false,
              "skipped": false
            }
          ],
          "suites": [],
          "passes": [
            "9fdd2d40-f4ca-45f5-8f88-1c0dd17a0a60"
          ],
          "failures": [],
          "pending": [],
          "skipped": [],
          "duration": 2514,
          "root": false,
          "rootEmpty": false,
          "_timeout": 2000
        }
      ],
      "passes": [],
      "failures": [],
      "pending": [],
      "skipped": [],
      "duration": 0,
      "root": true,
      "rootEmpty": true,
      "_timeout": 2000
    }
  ],
  "meta": {
    "mocha": {
      "version": "7.0.1"
    },
    "mochawesome": {
      "options": {
        "quiet": false,
        "reportFilename": "mochawesome",
        "saveHtml": false,
        "saveJson": true,
        "consoleReporter": "spec",
        "useInlineDiffs": false,
        "code": true
      },
      "version": "7.1.3"
    },
    "marge": {
      "options": {
        "id": "default",
        "reportDir": "cypress/reports/mocha",
        "quite": true,
        "overwrite": false,
        "html": false,
        "json": true
      },
      "version": "6.2.0"
    }
  }
}