{
  "stats": {
    "suites": 1,
    "tests": 1,
    "passes": 1,
    "pending": 0,
    "failures": 0,
    "start": "2023-12-13T05:38:09.798Z",
    "end": "2023-12-13T05:38:10.207Z",
    "duration": 409,
    "testsRegistered": 1,
    "passPercent": 100,
    "pendingPercent": 0,
    "other": 0,
    "hasOther": false,
    "skipped": 0,
    "hasSkipped": false
  },
  "results": [
    {
      "uuid": "dfb2d9d3-4131-4229-89be-8a7e67e06a2a",
      "title": "",
      "fullFile": "cypress\\e2e\\tests\\dummyRestAPI\\getOneEmployee.cy.js",
      "file": "cypress\\e2e\\tests\\dummyRestAPI\\getOneEmployee.cy.js",
      "beforeHooks": [],
      "afterHooks": [],
      "tests": [],
      "suites": [
        {
          "uuid": "7e48ee16-c815-45f8-9f0c-17353c740aca",
          "title": "Dummy examples get one employee",
          "fullFile": "",
          "file": "",
          "beforeHooks": [],
          "afterHooks": [],
          "tests": [
            {
              "title": "Get one employee",
              "fullTitle": "Dummy examples get one employee Get one employee",
              "timedOut": null,
              "duration": 374,
              "state": "passed",
              "speed": "fast",
              "pass": true,
              "fail": false,
              "pending": false,
              "context": null,
              "code": "cy.request({\n  method: \"GET\",\n  url: \"https://dummy.restapiexample.com/api/v1/employee/1\",\n  failOnStatusCode: false\n}).then(response => {\n  cy.log(JSON.stringify(response.body));\n  const data = response.body;\n  expect(data.data.id).to.eq(1);\n  expect(data.data.employee_name).to.eq(\"Tiger Nixon\");\n  expect(data.data.employee_age).to.eq(61);\n  expect(data.data.profile_image).to.eq(\"\");\n  expect(data.data.employee_salary).to.eq(320800);\n});",
              "err": {},
              "uuid": "4e375932-a35c-4590-b609-2678160df483",
              "parentUUID": "7e48ee16-c815-45f8-9f0c-17353c740aca",
              "isHook": false,
              "skipped": false
            }
          ],
          "suites": [],
          "passes": [
            "4e375932-a35c-4590-b609-2678160df483"
          ],
          "failures": [],
          "pending": [],
          "skipped": [],
          "duration": 374,
          "root": false,
          "rootEmpty": false,
          "_timeout": 2000
        }
      ],
      "passes": [],
      "failures": [],
      "pending": [],
      "skipped": [],
      "duration": 0,
      "root": true,
      "rootEmpty": true,
      "_timeout": 2000
    }
  ],
  "meta": {
    "mocha": {
      "version": "7.0.1"
    },
    "mochawesome": {
      "options": {
        "quiet": false,
        "reportFilename": "mochawesome",
        "saveHtml": false,
        "saveJson": true,
        "consoleReporter": "spec",
        "useInlineDiffs": false,
        "code": true
      },
      "version": "7.1.3"
    },
    "marge": {
      "options": {
        "id": "default",
        "reportDir": "cypress/reports/mocha",
        "quite": true,
        "overwrite": false,
        "html": false,
        "json": true
      },
      "version": "6.2.0"
    }
  }
}