{
  "stats": {
    "suites": 1,
    "tests": 1,
    "passes": 1,
    "pending": 0,
    "failures": 0,
    "start": "2023-12-13T05:46:43.825Z",
    "end": "2023-12-13T05:46:47.319Z",
    "duration": 3494,
    "testsRegistered": 1,
    "passPercent": 100,
    "pendingPercent": 0,
    "other": 0,
    "hasOther": false,
    "skipped": 0,
    "hasSkipped": false
  },
  "results": [
    {
      "uuid": "39ed0704-3bf3-4867-af1a-1e9d578a278c",
      "title": "",
      "fullFile": "cypress\\e2e\\tests\\reqresApiTests\\getDelayedresponse.cy.js",
      "file": "cypress\\e2e\\tests\\reqresApiTests\\getDelayedresponse.cy.js",
      "beforeHooks": [],
      "afterHooks": [],
      "tests": [],
      "suites": [
        {
          "uuid": "067119a0-dd72-4a5a-b66b-088c991bc084",
          "title": "ReqRes Api tests",
          "fullFile": "",
          "file": "",
          "beforeHooks": [],
          "afterHooks": [],
          "tests": [
            {
              "title": "Get all users",
              "fullTitle": "ReqRes Api tests Get all users",
              "timedOut": null,
              "duration": 3442,
              "state": "passed",
              "speed": "fast",
              "pass": true,
              "fail": false,
              "pending": false,
              "context": null,
              "code": "cy.request({\n  method: \"GET\",\n  url: \"https://reqres.in/api/users?delay=3\",\n  failOnStatusCode: false\n}).then(response => {\n  cy.log(JSON.stringify(response.body));\n  const data = response.body;\n  expect(response.status).to.eq(200);\n  expect(data.data[0].id).to.eq(1);\n  expect(data.data[0].email).to.eq(\"george.bluth@reqres.in\");\n  expect(data.data[0].first_name).to.eq(\"George\");\n  expect(data.data[0].last_name).to.eq(\"Bluth\");\n  expect(data.data[0].avatar).to.eq(\"https://reqres.in/img/faces/1-image.jpg\");\n});",
              "err": {},
              "uuid": "5d54d090-0c51-4c0d-a3d7-1b0805bed98a",
              "parentUUID": "067119a0-dd72-4a5a-b66b-088c991bc084",
              "isHook": false,
              "skipped": false
            }
          ],
          "suites": [],
          "passes": [
            "5d54d090-0c51-4c0d-a3d7-1b0805bed98a"
          ],
          "failures": [],
          "pending": [],
          "skipped": [],
          "duration": 3442,
          "root": false,
          "rootEmpty": false,
          "_timeout": 2000
        }
      ],
      "passes": [],
      "failures": [],
      "pending": [],
      "skipped": [],
      "duration": 0,
      "root": true,
      "rootEmpty": true,
      "_timeout": 2000
    }
  ],
  "meta": {
    "mocha": {
      "version": "7.0.1"
    },
    "mochawesome": {
      "options": {
        "quiet": false,
        "reportFilename": "mochawesome",
        "saveHtml": false,
        "saveJson": true,
        "consoleReporter": "spec",
        "useInlineDiffs": false,
        "code": true
      },
      "version": "7.1.3"
    },
    "marge": {
      "options": {
        "id": "default",
        "reportDir": "cypress/reports/mocha",
        "quite": true,
        "overwrite": false,
        "html": false,
        "json": true
      },
      "version": "6.2.0"
    }
  }
}