{
  "stats": {
    "suites": 1,
    "tests": 1,
    "passes": 1,
    "pending": 0,
    "failures": 0,
    "start": "2023-12-13T05:47:12.362Z",
    "end": "2023-12-13T05:47:12.845Z",
    "duration": 483,
    "testsRegistered": 1,
    "passPercent": 100,
    "pendingPercent": 0,
    "other": 0,
    "hasOther": false,
    "skipped": 0,
    "hasSkipped": false
  },
  "results": [
    {
      "uuid": "933784f6-3a0d-424c-8294-c4223c0b4381",
      "title": "",
      "fullFile": "cypress\\e2e\\tests\\reqresApiTests\\postCreate.cy.js",
      "file": "cypress\\e2e\\tests\\reqresApiTests\\postCreate.cy.js",
      "beforeHooks": [],
      "afterHooks": [],
      "tests": [],
      "suites": [
        {
          "uuid": "d01b9d60-ea62-466b-b32f-638823e49a1e",
          "title": "ReqRes Api tests",
          "fullFile": "",
          "file": "",
          "beforeHooks": [],
          "afterHooks": [],
          "tests": [
            {
              "title": "POST and create a user",
              "fullTitle": "ReqRes Api tests POST and create a user",
              "timedOut": null,
              "duration": 454,
              "state": "passed",
              "speed": "fast",
              "pass": true,
              "fail": false,
              "pending": false,
              "context": null,
              "code": "cy.request({\n  method: \"POST\",\n  url: \"https://reqres.in/api/users\",\n  failOnStatusCode: false,\n  body: {\n    name: \"morpheus\",\n    job: \"leader\"\n  }\n}).then(response => {\n  cy.log(JSON.stringify(response.body));\n  const data = response.body;\n  expect(data.name).to.eq(\"morpheus\");\n  expect(data.job).to.eq(\"leader\");\n  expect(response.status).to.eq(201);\n});",
              "err": {},
              "uuid": "ff82a0cf-8ec7-4dd0-bc1e-fb2f6deae0e2",
              "parentUUID": "d01b9d60-ea62-466b-b32f-638823e49a1e",
              "isHook": false,
              "skipped": false
            }
          ],
          "suites": [],
          "passes": [
            "ff82a0cf-8ec7-4dd0-bc1e-fb2f6deae0e2"
          ],
          "failures": [],
          "pending": [],
          "skipped": [],
          "duration": 454,
          "root": false,
          "rootEmpty": false,
          "_timeout": 2000
        }
      ],
      "passes": [],
      "failures": [],
      "pending": [],
      "skipped": [],
      "duration": 0,
      "root": true,
      "rootEmpty": true,
      "_timeout": 2000
    }
  ],
  "meta": {
    "mocha": {
      "version": "7.0.1"
    },
    "mochawesome": {
      "options": {
        "quiet": false,
        "reportFilename": "mochawesome",
        "saveHtml": false,
        "saveJson": true,
        "consoleReporter": "spec",
        "useInlineDiffs": false,
        "code": true
      },
      "version": "7.1.3"
    },
    "marge": {
      "options": {
        "id": "default",
        "reportDir": "cypress/reports/mocha",
        "quite": true,
        "overwrite": false,
        "html": false,
        "json": true
      },
      "version": "6.2.0"
    }
  }
}