{
  "stats": {
    "suites": 1,
    "tests": 1,
    "passes": 1,
    "pending": 0,
    "failures": 0,
    "start": "2023-12-13T05:47:15.620Z",
    "end": "2023-12-13T05:47:16.077Z",
    "duration": 457,
    "testsRegistered": 1,
    "passPercent": 100,
    "pendingPercent": 0,
    "other": 0,
    "hasOther": false,
    "skipped": 0,
    "hasSkipped": false
  },
  "results": [
    {
      "uuid": "cf10df4e-7135-4cc7-99cf-7f4d8dbfb2e3",
      "title": "",
      "fullFile": "cypress\\e2e\\tests\\reqresApiTests\\postLogInSuccessful.cy.js",
      "file": "cypress\\e2e\\tests\\reqresApiTests\\postLogInSuccessful.cy.js",
      "beforeHooks": [],
      "afterHooks": [],
      "tests": [],
      "suites": [
        {
          "uuid": "bba5f125-2299-4109-b9a8-9ea6c8a91358",
          "title": "ReqRes Api tests",
          "fullFile": "",
          "file": "",
          "beforeHooks": [],
          "afterHooks": [],
          "tests": [
            {
              "title": "POST and Login successfully",
              "fullTitle": "ReqRes Api tests POST and Login successfully",
              "timedOut": null,
              "duration": 429,
              "state": "passed",
              "speed": "fast",
              "pass": true,
              "fail": false,
              "pending": false,
              "context": null,
              "code": "cy.request({\n  method: \"POST\",\n  url: \"https://reqres.in/api/login\",\n  failOnStatusCode: false,\n  body: {\n    email: \"eve.holt@reqres.in\",\n    password: \"cityslicka\"\n  }\n}).then(response => {\n  cy.log(JSON.stringify(response.body));\n  const data = response.body;\n  expect(data.token).to.eq(\"QpwL5tke4Pnpja7X4\");\n  expect(response.status).to.eq(200);\n});",
              "err": {},
              "uuid": "aa82c012-f934-460f-bdcb-9d1490e47298",
              "parentUUID": "bba5f125-2299-4109-b9a8-9ea6c8a91358",
              "isHook": false,
              "skipped": false
            }
          ],
          "suites": [],
          "passes": [
            "aa82c012-f934-460f-bdcb-9d1490e47298"
          ],
          "failures": [],
          "pending": [],
          "skipped": [],
          "duration": 429,
          "root": false,
          "rootEmpty": false,
          "_timeout": 2000
        }
      ],
      "passes": [],
      "failures": [],
      "pending": [],
      "skipped": [],
      "duration": 0,
      "root": true,
      "rootEmpty": true,
      "_timeout": 2000
    }
  ],
  "meta": {
    "mocha": {
      "version": "7.0.1"
    },
    "mochawesome": {
      "options": {
        "quiet": false,
        "reportFilename": "mochawesome",
        "saveHtml": false,
        "saveJson": true,
        "consoleReporter": "spec",
        "useInlineDiffs": false,
        "code": true
      },
      "version": "7.1.3"
    },
    "marge": {
      "options": {
        "id": "default",
        "reportDir": "cypress/reports/mocha",
        "quite": true,
        "overwrite": false,
        "html": false,
        "json": true
      },
      "version": "6.2.0"
    }
  }
}