{
  "stats": {
    "suites": 1,
    "tests": 1,
    "passes": 1,
    "pending": 0,
    "failures": 0,
    "start": "2023-12-13T05:46:59.181Z",
    "end": "2023-12-13T05:46:59.660Z",
    "duration": 479,
    "testsRegistered": 1,
    "passPercent": 100,
    "pendingPercent": 0,
    "other": 0,
    "hasOther": false,
    "skipped": 0,
    "hasSkipped": false
  },
  "results": [
    {
      "uuid": "296e9c41-591c-4d30-b2af-e2391e1295f2",
      "title": "",
      "fullFile": "cypress\\e2e\\tests\\reqresApiTests\\getSingleResource.cy.js",
      "file": "cypress\\e2e\\tests\\reqresApiTests\\getSingleResource.cy.js",
      "beforeHooks": [],
      "afterHooks": [],
      "tests": [],
      "suites": [
        {
          "uuid": "7b27adf2-ecee-4089-a1b1-0d7c2d774e1c",
          "title": "ReqRes Api tests",
          "fullFile": "",
          "file": "",
          "beforeHooks": [],
          "afterHooks": [],
          "tests": [
            {
              "title": "Get single resource",
              "fullTitle": "ReqRes Api tests Get single resource",
              "timedOut": null,
              "duration": 450,
              "state": "passed",
              "speed": "fast",
              "pass": true,
              "fail": false,
              "pending": false,
              "context": null,
              "code": "cy.request({\n  method: \"GET\",\n  url: \"https://reqres.in/api/unknown/2\",\n  failOnStatusCode: false\n}).then(response => {\n  cy.log(JSON.stringify(response.body));\n  const data = response.body;\n  expect(data.data.id).to.eq(2);\n  expect(data.data.name).to.eq(\"fuchsia rose\");\n  expect(data.data.year).to.eq(2001);\n  expect(data.data.color).to.eq(\"#C74375\");\n  expect(data.data.pantone_value).to.eq(\"17-2031\");\n});",
              "err": {},
              "uuid": "91d90ded-64c4-4c9e-ae1b-263012b40d02",
              "parentUUID": "7b27adf2-ecee-4089-a1b1-0d7c2d774e1c",
              "isHook": false,
              "skipped": false
            }
          ],
          "suites": [],
          "passes": [
            "91d90ded-64c4-4c9e-ae1b-263012b40d02"
          ],
          "failures": [],
          "pending": [],
          "skipped": [],
          "duration": 450,
          "root": false,
          "rootEmpty": false,
          "_timeout": 2000
        }
      ],
      "passes": [],
      "failures": [],
      "pending": [],
      "skipped": [],
      "duration": 0,
      "root": true,
      "rootEmpty": true,
      "_timeout": 2000
    }
  ],
  "meta": {
    "mocha": {
      "version": "7.0.1"
    },
    "mochawesome": {
      "options": {
        "quiet": false,
        "reportFilename": "mochawesome",
        "saveHtml": false,
        "saveJson": true,
        "consoleReporter": "spec",
        "useInlineDiffs": false,
        "code": true
      },
      "version": "7.1.3"
    },
    "marge": {
      "options": {
        "id": "default",
        "reportDir": "cypress/reports/mocha",
        "quite": true,
        "overwrite": false,
        "html": false,
        "json": true
      },
      "version": "6.2.0"
    }
  }
}