{
  "stats": {
    "suites": 1,
    "tests": 1,
    "passes": 1,
    "pending": 0,
    "failures": 0,
    "start": "2023-12-13T05:47:05.720Z",
    "end": "2023-12-13T05:47:06.174Z",
    "duration": 454,
    "testsRegistered": 1,
    "passPercent": 100,
    "pendingPercent": 0,
    "other": 0,
    "hasOther": false,
    "skipped": 0,
    "hasSkipped": false
  },
  "results": [
    {
      "uuid": "723fe254-751a-446a-9955-1cba7192986e",
      "title": "",
      "fullFile": "cypress\\e2e\\tests\\reqresApiTests\\getUserNotFound.cy.js",
      "file": "cypress\\e2e\\tests\\reqresApiTests\\getUserNotFound.cy.js",
      "beforeHooks": [],
      "afterHooks": [],
      "tests": [],
      "suites": [
        {
          "uuid": "0151a51b-8b8b-4e4a-b69b-0d19d3ac0020",
          "title": "ReqRes Api tests",
          "fullFile": "",
          "file": "",
          "beforeHooks": [],
          "afterHooks": [],
          "tests": [
            {
              "title": "User not found",
              "fullTitle": "ReqRes Api tests User not found",
              "timedOut": null,
              "duration": 427,
              "state": "passed",
              "speed": "fast",
              "pass": true,
              "fail": false,
              "pending": false,
              "context": null,
              "code": "cy.request({\n  method: \"GET\",\n  url: \"https://reqres.in/api/users/23\",\n  failOnStatusCode: false\n}).then(response => {\n  expect(response.status).to.eq(404);\n});",
              "err": {},
              "uuid": "4c5cacc2-42fa-4be6-8260-f54f97483874",
              "parentUUID": "0151a51b-8b8b-4e4a-b69b-0d19d3ac0020",
              "isHook": false,
              "skipped": false
            }
          ],
          "suites": [],
          "passes": [
            "4c5cacc2-42fa-4be6-8260-f54f97483874"
          ],
          "failures": [],
          "pending": [],
          "skipped": [],
          "duration": 427,
          "root": false,
          "rootEmpty": false,
          "_timeout": 2000
        }
      ],
      "passes": [],
      "failures": [],
      "pending": [],
      "skipped": [],
      "duration": 0,
      "root": true,
      "rootEmpty": true,
      "_timeout": 2000
    }
  ],
  "meta": {
    "mocha": {
      "version": "7.0.1"
    },
    "mochawesome": {
      "options": {
        "quiet": false,
        "reportFilename": "mochawesome",
        "saveHtml": false,
        "saveJson": true,
        "consoleReporter": "spec",
        "useInlineDiffs": false,
        "code": true
      },
      "version": "7.1.3"
    },
    "marge": {
      "options": {
        "id": "default",
        "reportDir": "cypress/reports/mocha",
        "quite": true,
        "overwrite": false,
        "html": false,
        "json": true
      },
      "version": "6.2.0"
    }
  }
}