{
  "stats": {
    "suites": 1,
    "tests": 1,
    "passes": 1,
    "pending": 0,
    "failures": 0,
    "start": "2023-12-13T05:47:02.449Z",
    "end": "2023-12-13T05:47:02.923Z",
    "duration": 474,
    "testsRegistered": 1,
    "passPercent": 100,
    "pendingPercent": 0,
    "other": 0,
    "hasOther": false,
    "skipped": 0,
    "hasSkipped": false
  },
  "results": [
    {
      "uuid": "7699df96-84a1-4266-8018-6ea50a856e80",
      "title": "",
      "fullFile": "cypress\\e2e\\tests\\reqresApiTests\\getSingleUser.cy.js",
      "file": "cypress\\e2e\\tests\\reqresApiTests\\getSingleUser.cy.js",
      "beforeHooks": [],
      "afterHooks": [],
      "tests": [],
      "suites": [
        {
          "uuid": "c575c50e-8bc3-4fe8-b866-b028ecac74fd",
          "title": "ReqRes Api tests",
          "fullFile": "",
          "file": "",
          "beforeHooks": [],
          "afterHooks": [],
          "tests": [
            {
              "title": "Get one user",
              "fullTitle": "ReqRes Api tests Get one user",
              "timedOut": null,
              "duration": 447,
              "state": "passed",
              "speed": "fast",
              "pass": true,
              "fail": false,
              "pending": false,
              "context": null,
              "code": "cy.request({\n  method: \"GET\",\n  url: \"https://reqres.in/api/users/2\",\n  failOnStatusCode: false\n}).then(response => {\n  cy.log(JSON.stringify(response.body));\n  const data = response.body;\n  expect(data.data.email).to.eq(\"janet.weaver@reqres.in\");\n  expect(data.data.first_name).to.eq(\"Janet\");\n  expect(data.data.last_name).to.eq(\"Weaver\");\n  expect(data.data.avatar).to.eq(\"https://reqres.in/img/faces/2-image.jpg\");\n});",
              "err": {},
              "uuid": "68ebd487-b002-4487-80f0-963ef2c569a1",
              "parentUUID": "c575c50e-8bc3-4fe8-b866-b028ecac74fd",
              "isHook": false,
              "skipped": false
            }
          ],
          "suites": [],
          "passes": [
            "68ebd487-b002-4487-80f0-963ef2c569a1"
          ],
          "failures": [],
          "pending": [],
          "skipped": [],
          "duration": 447,
          "root": false,
          "rootEmpty": false,
          "_timeout": 2000
        }
      ],
      "passes": [],
      "failures": [],
      "pending": [],
      "skipped": [],
      "duration": 0,
      "root": true,
      "rootEmpty": true,
      "_timeout": 2000
    }
  ],
  "meta": {
    "mocha": {
      "version": "7.0.1"
    },
    "mochawesome": {
      "options": {
        "quiet": false,
        "reportFilename": "mochawesome",
        "saveHtml": false,
        "saveJson": true,
        "consoleReporter": "spec",
        "useInlineDiffs": false,
        "code": true
      },
      "version": "7.1.3"
    },
    "marge": {
      "options": {
        "id": "default",
        "reportDir": "cypress/reports/mocha",
        "quite": true,
        "overwrite": false,
        "html": false,
        "json": true
      },
      "version": "6.2.0"
    }
  }
}