{
  "stats": {
    "suites": 1,
    "tests": 1,
    "passes": 1,
    "pending": 0,
    "failures": 0,
    "start": "2023-12-13T05:47:22.092Z",
    "end": "2023-12-13T05:47:22.577Z",
    "duration": 485,
    "testsRegistered": 1,
    "passPercent": 100,
    "pendingPercent": 0,
    "other": 0,
    "hasOther": false,
    "skipped": 0,
    "hasSkipped": false
  },
  "results": [
    {
      "uuid": "8aef5fab-9547-4989-8867-5171e916927c",
      "title": "",
      "fullFile": "cypress\\e2e\\tests\\reqresApiTests\\postRegister.cy.js",
      "file": "cypress\\e2e\\tests\\reqresApiTests\\postRegister.cy.js",
      "beforeHooks": [],
      "afterHooks": [],
      "tests": [],
      "suites": [
        {
          "uuid": "92c9e55c-6ca2-4249-9a2b-fce1c440ee07",
          "title": "ReqRes Api tests",
          "fullFile": "",
          "file": "",
          "beforeHooks": [],
          "afterHooks": [],
          "tests": [
            {
              "title": "POST and Register a user",
              "fullTitle": "ReqRes Api tests POST and Register a user",
              "timedOut": null,
              "duration": 456,
              "state": "passed",
              "speed": "fast",
              "pass": true,
              "fail": false,
              "pending": false,
              "context": null,
              "code": "cy.request({\n  method: \"POST\",\n  url: \"https://reqres.in/api/register\",\n  failOnStatusCode: false,\n  body: {\n    email: \"eve.holt@reqres.in\",\n    password: \"pistol\"\n  }\n}).then(response => {\n  cy.log(JSON.stringify(response.body));\n  const data = response.body;\n  expect(data.id).to.eq(4);\n  expect(data.token).to.eq(\"QpwL5tke4Pnpja7X4\");\n  expect(response.status).to.eq(200);\n});",
              "err": {},
              "uuid": "f14609da-150d-42dd-96f6-d77d2a1a0c66",
              "parentUUID": "92c9e55c-6ca2-4249-9a2b-fce1c440ee07",
              "isHook": false,
              "skipped": false
            }
          ],
          "suites": [],
          "passes": [
            "f14609da-150d-42dd-96f6-d77d2a1a0c66"
          ],
          "failures": [],
          "pending": [],
          "skipped": [],
          "duration": 456,
          "root": false,
          "rootEmpty": false,
          "_timeout": 2000
        }
      ],
      "passes": [],
      "failures": [],
      "pending": [],
      "skipped": [],
      "duration": 0,
      "root": true,
      "rootEmpty": true,
      "_timeout": 2000
    }
  ],
  "meta": {
    "mocha": {
      "version": "7.0.1"
    },
    "mochawesome": {
      "options": {
        "quiet": false,
        "reportFilename": "mochawesome",
        "saveHtml": false,
        "saveJson": true,
        "consoleReporter": "spec",
        "useInlineDiffs": false,
        "code": true
      },
      "version": "7.1.3"
    },
    "marge": {
      "options": {
        "id": "default",
        "reportDir": "cypress/reports/mocha",
        "quite": true,
        "overwrite": false,
        "html": false,
        "json": true
      },
      "version": "6.2.0"
    }
  }
}