{
  "stats": {
    "suites": 1,
    "tests": 1,
    "passes": 1,
    "pending": 0,
    "failures": 0,
    "start": "2023-12-13T05:46:39.555Z",
    "end": "2023-12-13T05:46:41.515Z",
    "duration": 1960,
    "testsRegistered": 1,
    "passPercent": 100,
    "pendingPercent": 0,
    "other": 0,
    "hasOther": false,
    "skipped": 0,
    "hasSkipped": false
  },
  "results": [
    {
      "uuid": "feaaefe8-104f-4154-a79c-3e2add38a53f",
      "title": "",
      "fullFile": "cypress\\e2e\\tests\\reqresApiTests\\deleteReq.cy.js",
      "file": "cypress\\e2e\\tests\\reqresApiTests\\deleteReq.cy.js",
      "beforeHooks": [],
      "afterHooks": [],
      "tests": [],
      "suites": [
        {
          "uuid": "1c11b480-b2ee-45fe-8e2e-d8e0230ed960",
          "title": "ReqRes Api tests",
          "fullFile": "",
          "file": "",
          "beforeHooks": [],
          "afterHooks": [],
          "tests": [
            {
              "title": "Put and update a user",
              "fullTitle": "ReqRes Api tests Put and update a user",
              "timedOut": null,
              "duration": 1934,
              "state": "passed",
              "speed": "fast",
              "pass": true,
              "fail": false,
              "pending": false,
              "context": null,
              "code": "cy.request({\n  method: \"DELETE\",\n  url: \"https://reqres.in/api/users/2\",\n  failOnStatusCode: false\n}).then(response => {\n  // cy.log(JSON.stringify(response.body));\n  const data = response.body;\n  expect(response.status).to.eq(204);\n});",
              "err": {},
              "uuid": "6830b745-888a-4cce-ab26-085193fc5fed",
              "parentUUID": "1c11b480-b2ee-45fe-8e2e-d8e0230ed960",
              "isHook": false,
              "skipped": false
            }
          ],
          "suites": [],
          "passes": [
            "6830b745-888a-4cce-ab26-085193fc5fed"
          ],
          "failures": [],
          "pending": [],
          "skipped": [],
          "duration": 1934,
          "root": false,
          "rootEmpty": false,
          "_timeout": 2000
        }
      ],
      "passes": [],
      "failures": [],
      "pending": [],
      "skipped": [],
      "duration": 0,
      "root": true,
      "rootEmpty": true,
      "_timeout": 2000
    }
  ],
  "meta": {
    "mocha": {
      "version": "7.0.1"
    },
    "mochawesome": {
      "options": {
        "quiet": false,
        "reportFilename": "mochawesome",
        "saveHtml": false,
        "saveJson": true,
        "consoleReporter": "spec",
        "useInlineDiffs": false,
        "code": true
      },
      "version": "7.1.3"
    },
    "marge": {
      "options": {
        "id": "default",
        "reportDir": "cypress/reports/mocha",
        "quite": true,
        "overwrite": false,
        "html": false,
        "json": true
      },
      "version": "6.2.0"
    }
  }
}